# JRE version: OpenJDK Runtime Environment (8.0_112-b06) (build 1.8.0_112-release-b06)
# Java VM: OpenJDK 64-Bit Server VM (25.112-b06 mixed mode linux-amd64 compressed oops)
Heap:
 PSYoungGen      total 481792K, used 154967K [0x00000000e0000000, 0x00000000ffc00000, 0x0000000100000000)
  eden space 442368K, 31% used [0x00000000e0000000,0x00000000e89ca398,0x00000000fb000000)
  from space 39424K, 35% used [0x00000000fb000000,0x00000000fbd8b968,0x00000000fd680000)
  to   space 37376K, 0% used [0x00000000fd780000,0x00000000fd780000,0x00000000ffc00000)
 ParOldGen       total 181760K, used 121873K [0x00000000a0000000, 0x00000000ab180000, 0x00000000e0000000)
  object space 181760K, 67% used [0x00000000a0000000,0x00000000a7704718,0x00000000ab180000)
 Metaspace       used 69517K, capacity 71944K, committed 72088K, reserved 1112064K
  class space    used 8638K, capacity 9115K, committed 9136K, reserved 1048576K
GC Heap History (10 events):
Event: 1349.429 GC heap after
Heap after GC invocations=34 (full 4):
 PSYoungGen      total 353280K, used 26374K [0x00000000e0000000, 0x00000000f8580000, 0x0000000100000000)
  eden space 310784K, 0% used [0x00000000e0000000,0x00000000e0000000,0x00000000f2f80000)
  from space 42496K, 62% used [0x00000000f5b00000,0x00000000f74c1868,0x00000000f8480000)
  to   space 44032K, 0% used [0x00000000f2f80000,0x00000000f2f80000,0x00000000f5a80000)
 ParOldGen       total 181760K, used 80597K [0x00000000a0000000, 0x00000000ab180000, 0x00000000e0000000)
  object space 181760K, 44% used [0x00000000a0000000,0x00000000a4eb5680,0x00000000ab180000)
 Metaspace       used 67864K, capacity 69988K, committed 70168K, reserved 1110016K
  class space    used 8520K, capacity 8939K, committed 9008K, reserved 1048576K
}
Event: 1351.227 GC heap before
{Heap before GC invocations=35 (full 4):
 PSYoungGen      total 353280K, used 337158K [0x00000000e0000000, 0x00000000f8580000, 0x0000000100000000)
  eden space 310784K, 100% used [0x00000000e0000000,0x00000000f2f80000,0x00000000f2f80000)
  from space 42496K, 62% used [0x00000000f5b00000,0x00000000f74c1868,0x00000000f8480000)
  to   space 44032K, 0% used [0x00000000f2f80000,0x00000000f2f80000,0x00000000f5a80000)
 ParOldGen       total 181760K, used 80597K [0x00000000a0000000, 0x00000000ab180000, 0x00000000e0000000)
  object space 181760K, 44% used [0x00000000a0000000,0x00000000a4eb5680,0x00000000ab180000)
 Metaspace       used 68449K, capacity 70612K, committed 70808K, reserved 1112064K
  class space    used 8571K, capacity 9015K, committed 9136K, reserved 1048576K
Event: 1351.261 GC heap after
Heap after GC invocations=35 (full 4):
 PSYoungGen      total 354816K, used 15947K [0x00000000e0000000, 0x00000000fce00000, 0x0000000100000000)
  eden space 310784K, 0% used [0x00000000e0000000,0x00000000e0000000,0x00000000f2f80000)
  from space 44032K, 36% used [0x00000000f2f80000,0x00000000f3f12f00,0x00000000f5a80000)
  to   space 41472K, 0% used [0x00000000fa580000,0x00000000fa580000,0x00000000fce00000)
 ParOldGen       total 181760K, used 85456K [0x00000000a0000000, 0x00000000ab180000, 0x00000000e0000000)
  object space 181760K, 47% used [0x00000000a0000000,0x00000000a5374160,0x00000000ab180000)
 Metaspace       used 68449K, capacity 70612K, committed 70808K, reserved 1112064K
  class space    used 8571K, capacity 9015K, committed 9136K, reserved 1048576K
}
Event: 1352.454 GC heap before
{Heap before GC invocations=36 (full 4):
 PSYoungGen      total 354816K, used 326172K [0x00000000e0000000, 0x00000000fce00000, 0x0000000100000000)
  eden space 310784K, 99% used [0x00000000e0000000,0x00000000f2ef42d0,0x00000000f2f80000)
  from space 44032K, 36% used [0x00000000f2f80000,0x00000000f3f12f00,0x00000000f5a80000)
  to   space 41472K, 0% used [0x00000000fa580000,0x00000000fa580000,0x00000000fce00000)
 ParOldGen       total 181760K, used 85456K [0x00000000a0000000, 0x00000000ab180000, 0x00000000e0000000)
  object space 181760K, 47% used [0x00000000a0000000,0x00000000a5374160,0x00000000ab180000)
 Metaspace       used 68485K, capacity 70612K, committed 70808K, reserved 1112064K
  class space    used 8571K, capacity 9015K, committed 9136K, reserved 1048576K
Event: 1352.521 GC heap after
Heap after GC invocations=36 (full 4):
 PSYoungGen      total 431616K, used 23451K [0x00000000e0000000, 0x00000000fcf00000, 0x0000000100000000)
  eden space 390144K, 0% used [0x00000000e0000000,0x00000000e0000000,0x00000000f7d00000)
  from space 41472K, 56% used [0x00000000fa580000,0x00000000fbc66e10,0x00000000fce00000)
  to   space 41472K, 0% used [0x00000000f7d00000,0x00000000f7d00000,0x00000000fa580000)
 ParOldGen       total 181760K, used 93860K [0x00000000a0000000, 0x00000000ab180000, 0x00000000e0000000)
  object space 181760K, 51% used [0x00000000a0000000,0x00000000a5ba90a0,0x00000000ab180000)
 Metaspace       used 68485K, capacity 70612K, committed 70808K, reserved 1112064K
  class space    used 8571K, capacity 9015K, committed 9136K, reserved 1048576K
}
Event: 1353.616 GC heap before
{Heap before GC invocations=37 (full 4):
 PSYoungGen      total 431616K, used 412931K [0x00000000e0000000, 0x00000000fcf00000, 0x0000000100000000)
  eden space 390144K, 99% used [0x00000000e0000000,0x00000000f7c5a038,0x00000000f7d00000)
  from space 41472K, 56% used [0x00000000fa580000,0x00000000fbc66e10,0x00000000fce00000)
  to   space 41472K, 0% used [0x00000000f7d00000,0x00000000f7d00000,0x00000000fa580000)
 ParOldGen       total 181760K, used 93860K [0x00000000a0000000, 0x00000000ab180000, 0x00000000e0000000)
  object space 181760K, 51% used [0x00000000a0000000,0x00000000a5ba90a0,0x00000000ab180000)
 Metaspace       used 68557K, capacity 70694K, committed 71064K, reserved 1112064K
  class space    used 8572K, capacity 9018K, committed 9136K, reserved 1048576K
Event: 1353.644 GC heap after
Heap after GC invocations=37 (full 4):
 PSYoungGen      total 431616K, used 8631K [0x00000000e0000000, 0x00000000ffe00000, 0x0000000100000000)
  eden space 390144K, 0% used [0x00000000e0000000,0x00000000e0000000,0x00000000f7d00000)
  from space 41472K, 20% used [0x00000000f7d00000,0x00000000f856dc18,0x00000000fa580000)
  to   space 40448K, 0% used [0x00000000fd680000,0x00000000fd680000,0x00000000ffe00000)
 ParOldGen       total 181760K, used 115722K [0x00000000a0000000, 0x00000000ab180000, 0x00000000e0000000)
  object space 181760K, 63% used [0x00000000a0000000,0x00000000a7102a20,0x00000000ab180000)
 Metaspace       used 68557K, capacity 70694K, committed 71064K, reserved 1112064K
  class space    used 8572K, capacity 9018K, committed 9136K, reserved 1048576K
}
Event: 1543.799 GC heap before
{Heap before GC invocations=38 (full 4):
 PSYoungGen      total 431616K, used 398775K [0x00000000e0000000, 0x00000000ffe00000, 0x0000000100000000)
  eden space 390144K, 100% used [0x00000000e0000000,0x00000000f7d00000,0x00000000f7d00000)
  from space 41472K, 20% used [0x00000000f7d00000,0x00000000f856dc18,0x00000000fa580000)
  to   space 40448K, 0% used [0x00000000fd680000,0x00000000fd680000,0x00000000ffe00000)
 ParOldGen       total 181760K, used 115722K [0x00000000a0000000, 0x00000000ab180000, 0x00000000e0000000)
  object space 181760K, 63% used [0x00000000a0000000,0x00000000a7102a20,0x00000000ab180000)
 Metaspace       used 69473K, capacity 71856K, committed 72088K, reserved 1112064K
  class space    used 8635K, capacity 9111K, committed 9136K, reserved 1048576K
Event: 1543.815 GC heap after
Heap after GC invocations=38 (full 4):
 PSYoungGen      total 481792K, used 6886K [0x00000000e0000000, 0x00000000ffd00000, 0x0000000100000000)
  eden space 442368K, 0% used [0x00000000e0000000,0x00000000e0000000,0x00000000fb000000)
  from space 39424K, 17% used [0x00000000fd680000,0x00000000fdd39a30,0x00000000ffd00000)
  to   space 39424K, 0% used [0x00000000fb000000,0x00000000fb000000,0x00000000fd680000)
 ParOldGen       total 181760K, used 116470K [0x00000000a0000000, 0x00000000ab180000, 0x00000000e0000000)
  object space 181760K, 64% used [0x00000000a0000000,0x00000000a71bd8d8,0x00000000ab180000)
 Metaspace       used 69473K, capacity 71856K, committed 72088K, reserved 1112064K
  class space    used 8635K, capacity 9111K, committed 9136K, reserved 1048576K
}
Event: 1544.984 GC heap before
{Heap before GC invocations=39 (full 4):
 PSYoungGen      total 481792K, used 449254K [0x00000000e0000000, 0x00000000ffd00000, 0x0000000100000000)
  eden space 442368K, 100% used [0x00000000e0000000,0x00000000fb000000,0x00000000fb000000)
  from space 39424K, 17% used [0x00000000fd680000,0x00000000fdd39a30,0x00000000ffd00000)
  to   space 39424K, 0% used [0x00000000fb000000,0x00000000fb000000,0x00000000fd680000)
 ParOldGen       total 181760K, used 116470K [0x00000000a0000000, 0x00000000ab180000, 0x00000000e0000000)
  object space 181760K, 64% used [0x00000000a0000000,0x00000000a71bd8d8,0x00000000ab180000)
 Metaspace       used 69511K, capacity 71944K, committed 72088K, reserved 1112064K
  class space    used 8638K, capacity 9115K, committed 9136K, reserved 1048576K

